<?xml version="1.0" encoding="UTF-8"?>
<testng-results ignored="0" total="1" passed="1" failed="0" skipped="0">
  <reporter-output>
  </reporter-output>
  <suite started-at="2023-09-23T14:00:49 IST" name="Default suite" finished-at="2023-09-23T14:01:01 IST" duration-ms="11755">
    <groups>
    </groups>
    <test started-at="2023-09-23T14:00:49 IST" name="Default test" finished-at="2023-09-23T14:01:01 IST" duration-ms="11755">
      <class name="register.NewRegistration">
        <test-method is-config="true" signature="launchngBrowser()[pri:0, instance:register.NewRegistration@16a0ee18]" started-at="2023-09-23T14:00:49 IST" name="launchngBrowser" finished-at="2023-09-23T14:00:53 IST" duration-ms="3487" status="PASS">
          <reporter-output>
          </reporter-output>
        </test-method> <!-- launchngBrowser -->
        <test-method is-config="true" signature="navigateToUrl()[pri:0, instance:register.NewRegistration@16a0ee18]" started-at="2023-09-23T14:00:53 IST" name="navigateToUrl" finished-at="2023-09-23T14:00:59 IST" duration-ms="6851" status="PASS">
          <reporter-output>
          </reporter-output>
        </test-method> <!-- navigateToUrl -->
        <test-method signature="registration()[pri:0, instance:register.NewRegistration@16a0ee18]" started-at="2023-09-23T14:00:59 IST" name="registration" finished-at="2023-09-23T14:01:01 IST" duration-ms="1382" status="PASS">
          <reporter-output>
          </reporter-output>
        </test-method> <!-- registration -->
      </class> <!-- register.NewRegistration -->
    </test> <!-- Default test -->
  </suite> <!-- Default suite -->
</testng-results>
